20:24:40.587 | V |                      | ArgumentsFromParametersFile.OnBuildCreated (150)
20:24:40.600 | V |                      | HandleReSharperSurrogateArguments.OnBuildCreated (150)
20:24:40.600 | V |                      | InjectParameterValues.OnBuildCreated (100)
20:24:40.622 | V |                      | HandleShellCompletion.OnBuildCreated (75)
20:24:40.917 | V |                      | GenerateBuildServerConfigurations.OnBuildCreated (50)
20:24:40.917 | V |                      | InvokeBuildServerConfigurationGeneration.OnBuildCreated (45)
20:24:40.926 | V |                      | UpdateNotification.OnBuildCreated (10)
20:24:40.926 | V |                      | UnsetVisualStudioEnvironmentVariables.OnBuildCreated (0)
20:24:40.927 | V |                      | HandleVisualStudioDebugging.OnBuildCreated (0)
20:24:40.928 | V |                      | EventInvoker.OnBuildCreated (-3.4028235E+38)
20:24:40.940 | V |                      | HandlePlanRequests.OnBuildInitialized (10)
20:24:40.941 | V |                      | HandleHelpRequests.OnBuildInitialized (5)
20:24:40.941 | V |                      | Telemetry.OnBuildInitialized (0)
20:24:41.271 | V |                      | InjectNonParameterValues.OnBuildInitialized (-100)
20:24:41.272 | V |                      | EventInvoker.OnBuildInitialized (-3.4028235E+38)
20:24:41.282 | V | Ci                   | EventInvoker.OnTargetRunning (-3.4028235E+38)
20:24:41.359 | I | Ci                   | > "C:\Program Files\dotnet\dotnet.exe" build C:\Code\Skymly\Observables.Samples\Observables.Samples.Events\Observables.Samples.Events.csproj --configuration Release --property:UseLocalObservables=false
20:24:41.363 | V | Ci                   | @ C:\Code\Skymly\Observables.Samples
20:24:41.850 | D | Ci                   |   正在确定要还原的项目…
20:24:42.094 | D | Ci                   |   所有项目均是最新的，无法还原。
20:24:42.392 | D | Ci                   |   Observables.Samples.Events -> C:\Code\Skymly\Observables.Samples\Observables.Samples.Events\bin\Release\net8.0\Observables.Samples.Events.dll
20:24:42.804 | D | Ci                   | 
20:24:42.804 | D | Ci                   | 已成功生成。
20:24:42.804 | D | Ci                   |     0 个警告
20:24:42.804 | D | Ci                   |     0 个错误
20:24:42.804 | D | Ci                   | 
20:24:42.804 | D | Ci                   | 已用时间 00:00:01.26
20:24:42.891 | I | Ci                   | > "C:\Program Files\dotnet\dotnet.exe" run --project C:\Code\Skymly\Observables.Samples\Observables.Samples.Events\Observables.Samples.Events.csproj --configuration Release --no-restore --no-build
20:24:42.891 | V | Ci                   | @ C:\Code\Skymly\Observables.Samples
20:24:43.972 | D | Ci                   | Observables.Samples.Events — R3 classic event wrappers
20:24:43.974 | D | Ci                   | Package mode: Observables.Events.R3 0.1.0-preview1 (nuget.org)
20:24:43.974 | D | Ci                   | 
20:24:43.975 | D | Ci                   | -- Events(): Action -> Observable<Unit> --
20:24:43.975 | D | Ci                   |   Click
20:24:43.975 | D | Ci                   | -- Events(): Action<T> -> Observable<T> --
20:24:43.977 | D | Ci                   |   Count = 1
20:24:43.977 | D | Ci                   |   Count = 2
20:24:43.977 | D | Ci                   | 
20:24:43.977 | D | Ci                   | -- EventHandlers(): EventHandler -> Observable<(object? sender, EventArgs e)> --
20:24:43.979 | D | Ci                   |   SampleChanged sender=SampleNotifier
20:24:43.979 | D | Ci                   | 
20:24:43.979 | D | Ci                   | -- Multiple subscribers on Events().CountChanged --
20:24:43.979 | D | Ci                   |   subscriber A: 10
20:24:43.979 | D | Ci                   |   subscriber B: 10
20:24:43.979 | D | Ci                   |   subscriber A: 11
20:24:43.979 | D | Ci                   |   subscriber B: 11
20:24:43.979 | D | Ci                   | 
20:24:43.979 | D | Ci                   | Done.
20:24:44.054 | I | Ci                   | > "C:\Program Files\dotnet\dotnet.exe" build C:\Code\Skymly\Observables.Samples\Observables.Samples.RestAPI\Observables.Samples.RestAPI.csproj --configuration Release --property:UseLocalObservables=false
20:24:44.054 | V | Ci                   | @ C:\Code\Skymly\Observables.Samples
20:24:44.535 | D | Ci                   |   正在确定要还原的项目…
20:24:44.774 | D | Ci                   |   所有项目均是最新的，无法还原。
20:24:45.062 | D | Ci                   |   Observables.Samples.RestAPI -> C:\Code\Skymly\Observables.Samples\Observables.Samples.RestAPI\bin\Release\net8.0\Observables.Samples.RestAPI.dll
20:24:45.417 | D | Ci                   | 
20:24:45.417 | D | Ci                   | 已成功生成。
20:24:45.417 | D | Ci                   |     0 个警告
20:24:45.418 | D | Ci                   |     0 个错误
20:24:45.418 | D | Ci                   | 
20:24:45.418 | D | Ci                   | 已用时间 00:00:01.18
20:24:45.494 | I | Ci                   | > "C:\Program Files\dotnet\dotnet.exe" run --project C:\Code\Skymly\Observables.Samples\Observables.Samples.RestAPI\Observables.Samples.RestAPI.csproj --configuration Release --no-restore --no-build
20:24:45.494 | V | Ci                   | @ C:\Code\Skymly\Observables.Samples
20:24:46.492 | D | Ci                   | Observables.Samples.RestAPI — declarative HTTP (Task + R3 Observable)
20:24:46.495 | D | Ci                   | Package mode: Observables.RestAPI.R3 0.1.0-preview1 (nuget.org)
20:24:46.495 | D | Ci                   | 
20:24:46.539 | D | Ci                   | -- Task<User> --
20:24:46.578 | D | Ci                   |   GET /users/42 -> Ada (id=42)
20:24:46.579 | D | Ci                   | -- Observable<User> (FirstAsync) --
20:24:46.583 | D | Ci                   |   GET /users/7 -> Grace (id=7)
20:24:46.583 | D | Ci                   | -- Task<IReadOnlyList<User>> --
20:24:46.586 | D | Ci                   |   GET /users -> 2 item(s): Ann, Bob
20:24:46.586 | D | Ci                   | -- ApiException on 404 (Task) --
20:24:46.588 | D | Ci                   |   GET /users/404 -> ApiException status=404
20:24:46.589 | D | Ci                   | 
20:24:46.589 | D | Ci                   | Done.
20:24:46.670 | I | Ci                   | > "C:\Program Files\dotnet\dotnet.exe" build C:\Code\Skymly\Observables.Samples\Observables.Samples.Events.Reactive\Observables.Samples.Events.Reactive.csproj --configuration Release --property:UseLocalObservables=false
20:24:46.670 | V | Ci                   | @ C:\Code\Skymly\Observables.Samples
20:24:47.154 | D | Ci                   |   正在确定要还原的项目…
20:24:47.392 | D | Ci                   |   所有项目均是最新的，无法还原。
20:24:47.676 | D | Ci                   |   Observables.Samples.Events.Reactive -> C:\Code\Skymly\Observables.Samples\Observables.Samples.Events.Reactive\bin\Release\net8.0\Observables.Samples.Events.Reactive.dll
20:24:48.046 | D | Ci                   | 
20:24:48.047 | D | Ci                   | 已成功生成。
20:24:48.047 | D | Ci                   |     0 个警告
20:24:48.047 | D | Ci                   |     0 个错误
20:24:48.047 | D | Ci                   | 
20:24:48.047 | D | Ci                   | 已用时间 00:00:01.20
20:24:48.131 | I | Ci                   | > "C:\Program Files\dotnet\dotnet.exe" run --project C:\Code\Skymly\Observables.Samples\Observables.Samples.Events.Reactive\Observables.Samples.Events.Reactive.csproj --configuration Release --no-restore --no-build
20:24:48.131 | V | Ci                   | @ C:\Code\Skymly\Observables.Samples
20:24:49.151 | D | Ci                   | Observables.Samples.Events.Reactive — IObservable from classic events
20:24:49.151 | D | Ci                   | 
20:24:49.163 | D | Ci                   |   Click
20:24:49.166 | D | Ci                   |   Count = 1
20:24:49.167 | D | Ci                   |   Count = 2
20:24:49.167 | D | Ci                   | 
20:24:49.167 | D | Ci                   | Done.
20:24:49.239 | I | Ci                   | > "C:\Program Files\dotnet\dotnet.exe" build C:\Code\Skymly\Observables.Samples\Observables.Samples.RestAPI.Reactive\Observables.Samples.RestAPI.Reactive.csproj --configuration Release --property:UseLocalObservables=false
20:24:49.239 | V | Ci                   | @ C:\Code\Skymly\Observables.Samples
20:24:49.715 | D | Ci                   |   正在确定要还原的项目…
20:24:49.953 | D | Ci                   |   所有项目均是最新的，无法还原。
20:24:50.236 | D | Ci                   |   Observables.Samples.RestAPI.Reactive -> C:\Code\Skymly\Observables.Samples\Observables.Samples.RestAPI.Reactive\bin\Release\net8.0\Observables.Samples.RestAPI.Reactive.dll
20:24:50.581 | D | Ci                   | 
20:24:50.581 | D | Ci                   | 已成功生成。
20:24:50.581 | D | Ci                   |     0 个警告
20:24:50.581 | D | Ci                   |     0 个错误
20:24:50.581 | D | Ci                   | 
20:24:50.581 | D | Ci                   | 已用时间 00:00:01.17
20:24:50.657 | I | Ci                   | > "C:\Program Files\dotnet\dotnet.exe" run --project C:\Code\Skymly\Observables.Samples\Observables.Samples.RestAPI.Reactive\Observables.Samples.RestAPI.Reactive.csproj --configuration Release --no-restore --no-build
20:24:50.657 | V | Ci                   | @ C:\Code\Skymly\Observables.Samples
20:24:51.670 | D | Ci                   | Observables.Samples.RestAPI.Reactive — IObservable HTTP client
20:24:51.670 | D | Ci                   | 
20:24:51.711 | D | Ci                   | -- IObservable<User> (FirstAsync) --
20:24:51.760 | D | Ci                   |   GET /users/7 -> Grace (id=7)
20:24:51.760 | D | Ci                   | -- ApiException on 404 (IObservable) --
20:24:51.762 | D | Ci                   |   GET /users/404 -> ApiException status=404
20:24:51.762 | D | Ci                   | 
20:24:51.762 | D | Ci                   | Done.
20:24:51.794 | V | Ci                   | Telemetry.OnTargetSucceeded (0)
20:24:51.794 | V | Ci                   | EventInvoker.OnTargetSucceeded (-3.4028235E+38)
20:24:51.799 | V |                      | UpdateNotification.OnBuildFinished (10)
20:24:51.799 | V |                      | SerializeBuildServerState.OnBuildFinished (0)
20:24:51.799 | V |                      | EventInvoker.OnBuildFinished (-3.4028235E+38)
