V |                      | ArgumentsFromParametersFile.OnBuildCreated (150)
V |                      | HandleReSharperSurrogateArguments.OnBuildCreated (150)
V |                      | InjectParameterValues.OnBuildCreated (100)
V |                      | HandleShellCompletion.OnBuildCreated (75)
V |                      | GenerateBuildServerConfigurations.OnBuildCreated (50)
V |                      | InvokeBuildServerConfigurationGeneration.OnBuildCreated (45)
V |                      | UpdateNotification.OnBuildCreated (10)
V |                      | UnsetVisualStudioEnvironmentVariables.OnBuildCreated (0)
V |                      | HandleVisualStudioDebugging.OnBuildCreated (0)
V |                      | EventInvoker.OnBuildCreated (-3.4028235E+38)
V |                      | HandlePlanRequests.OnBuildInitialized (10)
V |                      | HandleHelpRequests.OnBuildInitialized (5)
V |                      | Telemetry.OnBuildInitialized (0)
V |                      | InjectNonParameterValues.OnBuildInitialized (-100)
V |                      | EventInvoker.OnBuildInitialized (-3.4028235E+38)
V | Ci                   | EventInvoker.OnTargetRunning (-3.4028235E+38)
I | Ci                   | > "C:\Program Files\dotnet\dotnet.exe" build C:\Code\Skymly\Observables.Samples\Observables.Samples.Events\Observables.Samples.Events.csproj --configuration Release --property:UseLocalObservables=false
V | Ci                   | @ C:\Code\Skymly\Observables.Samples
D | Ci                   |   正在确定要还原的项目…
D | Ci                   |   所有项目均是最新的，无法还原。
D | Ci                   |   Observables.Samples.Events -> C:\Code\Skymly\Observables.Samples\Observables.Samples.Events\bin\Release\net8.0\Observables.Samples.Events.dll
D | Ci                   | 
D | Ci                   | 已成功生成。
D | Ci                   |     0 个警告
D | Ci                   |     0 个错误
D | Ci                   | 
D | Ci                   | 已用时间 00:00:01.83
I | Ci                   | > "C:\Program Files\dotnet\dotnet.exe" run --project C:\Code\Skymly\Observables.Samples\Observables.Samples.Events\Observables.Samples.Events.csproj --configuration Release --no-restore --no-build
V | Ci                   | @ C:\Code\Skymly\Observables.Samples
D | Ci                   | Observables.Samples.Events — R3 classic event wrappers
D | Ci                   | Package mode: Observables.Events.R3 0.1.0-preview1 (nuget.org)
D | Ci                   | 
D | Ci                   | -- Events(): Action -> Observable<Unit> --
D | Ci                   |   Click
D | Ci                   | -- Events(): Action<T> -> Observable<T> --
D | Ci                   |   Count = 1
D | Ci                   |   Count = 2
D | Ci                   | 
D | Ci                   | -- EventHandlers(): EventHandler -> Observable<(object? sender, EventArgs e)> --
D | Ci                   |   SampleChanged sender=SampleNotifier
D | Ci                   | 
D | Ci                   | -- Multiple subscribers on Events().CountChanged --
D | Ci                   |   subscriber A: 10
D | Ci                   |   subscriber B: 10
D | Ci                   |   subscriber A: 11
D | Ci                   |   subscriber B: 11
D | Ci                   | 
D | Ci                   | Done.
I | Ci                   | > "C:\Program Files\dotnet\dotnet.exe" build C:\Code\Skymly\Observables.Samples\Observables.Samples.RestAPI\Observables.Samples.RestAPI.csproj --configuration Release --property:UseLocalObservables=false
V | Ci                   | @ C:\Code\Skymly\Observables.Samples
D | Ci                   |   正在确定要还原的项目…
D | Ci                   |   所有项目均是最新的，无法还原。
D | Ci                   |   Observables.Samples.RestAPI -> C:\Code\Skymly\Observables.Samples\Observables.Samples.RestAPI\bin\Release\net8.0\Observables.Samples.RestAPI.dll
D | Ci                   | 
D | Ci                   | 已成功生成。
D | Ci                   |     0 个警告
D | Ci                   |     0 个错误
D | Ci                   | 
D | Ci                   | 已用时间 00:00:02.12
I | Ci                   | > "C:\Program Files\dotnet\dotnet.exe" run --project C:\Code\Skymly\Observables.Samples\Observables.Samples.RestAPI\Observables.Samples.RestAPI.csproj --configuration Release --no-restore --no-build
V | Ci                   | @ C:\Code\Skymly\Observables.Samples
D | Ci                   | Observables.Samples.RestAPI — declarative HTTP (Task + R3 Observable)
D | Ci                   | Package mode: Observables.RestAPI.R3 0.1.0-preview1 (nuget.org)
D | Ci                   | 
D | Ci                   | -- Task<User> --
D | Ci                   |   GET /users/42 -> Ada (id=42)
D | Ci                   | -- Observable<User> (FirstAsync) --
D | Ci                   |   GET /users/7 -> Grace (id=7)
D | Ci                   | -- Task<IReadOnlyList<User>> --
D | Ci                   |   GET /users -> 2 item(s): Ann, Bob
D | Ci                   | -- ApiException on 404 (Task) --
D | Ci                   |   GET /users/404 -> ApiException status=404
D | Ci                   | 
D | Ci                   | Done.
I | Ci                   | > "C:\Program Files\dotnet\dotnet.exe" build C:\Code\Skymly\Observables.Samples\Observables.Samples.Events.Reactive\Observables.Samples.Events.Reactive.csproj --configuration Release --property:UseLocalObservables=false
V | Ci                   | @ C:\Code\Skymly\Observables.Samples
D | Ci                   |   正在确定要还原的项目…
D | Ci                   |   已还原 C:\Code\Skymly\Observables.Samples\Observables.Samples.Events.Reactive\Observables.Samples.Events.Reactive.csproj (用时 214 毫秒)。
D | Ci                   |   Observables.Samples.Events.Reactive -> C:\Code\Skymly\Observables.Samples\Observables.Samples.Events.Reactive\bin\Release\net8.0\Observables.Samples.Events.Reactive.dll
D | Ci                   | 
D | Ci                   | 已成功生成。
D | Ci                   |     0 个警告
D | Ci                   |     0 个错误
D | Ci                   | 
D | Ci                   | 已用时间 00:00:01.88
I | Ci                   | > "C:\Program Files\dotnet\dotnet.exe" run --project C:\Code\Skymly\Observables.Samples\Observables.Samples.Events.Reactive\Observables.Samples.Events.Reactive.csproj --configuration Release --no-restore --no-build
V | Ci                   | @ C:\Code\Skymly\Observables.Samples
D | Ci                   | Observables.Samples.Events.Reactive — IObservable from classic events
D | Ci                   | 
D | Ci                   |   Click
D | Ci                   |   Count = 1
D | Ci                   |   Count = 2
D | Ci                   | 
D | Ci                   | Done.
I | Ci                   | > "C:\Program Files\dotnet\dotnet.exe" build C:\Code\Skymly\Observables.Samples\Observables.Samples.RestAPI.Reactive\Observables.Samples.RestAPI.Reactive.csproj --configuration Release --property:UseLocalObservables=false
V | Ci                   | @ C:\Code\Skymly\Observables.Samples
D | Ci                   |   正在确定要还原的项目…
D | Ci                   |   已还原 C:\Code\Skymly\Observables.Samples\Observables.Samples.RestAPI.Reactive\Observables.Samples.RestAPI.Reactive.csproj (用时 218 毫秒)。
D | Ci                   |   Observables.Samples.RestAPI.Reactive -> C:\Code\Skymly\Observables.Samples\Observables.Samples.RestAPI.Reactive\bin\Release\net8.0\Observables.Samples.RestAPI.Reactive.dll
D | Ci                   | 
D | Ci                   | 已成功生成。
D | Ci                   |     0 个警告
D | Ci                   |     0 个错误
D | Ci                   | 
D | Ci                   | 已用时间 00:00:01.87
I | Ci                   | > "C:\Program Files\dotnet\dotnet.exe" run --project C:\Code\Skymly\Observables.Samples\Observables.Samples.RestAPI.Reactive\Observables.Samples.RestAPI.Reactive.csproj --configuration Release --no-restore --no-build
V | Ci                   | @ C:\Code\Skymly\Observables.Samples
D | Ci                   | Observables.Samples.RestAPI.Reactive — IObservable HTTP client
D | Ci                   | 
E | Ci                   | Unhandled exception. System.IO.FileNotFoundException: Could not load file or assembly 'R3, Version=1.3.0.0, Culture=neutral, PublicKeyToken=df4c250b14d82627'. 系统找不到指定的文件。
E | Ci                   | File name: 'R3, Version=1.3.0.0, Culture=neutral, PublicKeyToken=df4c250b14d82627'
E | Ci                   |    at Observables.RestAPI.RestMethodInfoInternal.DetermineReturnTypeInfo(MethodInfo methodInfo)
E | Ci                   |    at Observables.RestAPI.RestMethodInfoInternal..ctor(Type targetInterface, MethodInfo methodInfo, RestApiSettings RestApiSettings)
E | Ci                   |    at Observables.RestAPI.RequestBuilderImplementation.AddInterfaceHttpMethods(Type interfaceType, Dictionary`2 methods)
E | Ci                   |    at Observables.RestAPI.RequestBuilderImplementation..ctor(Type refitInterfaceType, RestApiSettings RestApiSettings)
E | Ci                   |    at Observables.RestAPI.RequestBuilderImplementation`1..ctor(RestApiSettings RestApiSettings)
E | Ci                   |    at Observables.RestAPI.RequestBuilderFactory.Create[T](RestApiSettings settings)
E | Ci                   |    at Observables.RestAPI.RequestBuilder.ForType[T](RestApiSettings settings)
E | Ci                   |    at Observables.RestAPI.RestService.For[T](HttpClient client, RestApiSettings settings)
E | Ci                   |    at Observables.RestAPI.RestService.For[T](HttpClient client)
E | Ci                   |    at Program.<Main>$(String[] args) in C:\Code\Skymly\Observables.Samples\Observables.Samples.RestAPI.Reactive\Program.cs:line 23
E | Ci                   |    at Program.<Main>(String[] args)
E | Ci                   | Target Ci has thrown an exception
Nuke.Common.Tooling.ProcessException: Process 'dotnet.exe' exited with code -532462766.
   > "C:\Program Files\dotnet\dotnet.exe" run --project C:\Code\Skymly\Observables.Samples\Observables.Samples.RestAPI.Reactive\Observables.Samples.RestAPI.Reactive.csproj --configuration Release --no-restore --no-build
   @ C:\Code\Skymly\Observables.Samples
Error output:
   Unhandled exception. System.IO.FileNotFoundException: Could not load file or assembly 'R3, Version=1.3.0.0, Culture=neutral, PublicKeyToken=df4c250b14d82627'. 系统找不到指定的文件。
   File name: 'R3, Version=1.3.0.0, Culture=neutral, PublicKeyToken=df4c250b14d82627'
      at Observables.RestAPI.RestMethodInfoInternal.DetermineReturnTypeInfo(MethodInfo methodInfo)
      at Observables.RestAPI.RestMethodInfoInternal..ctor(Type targetInterface, MethodInfo methodInfo, RestApiSettings RestApiSettings)
      at Observables.RestAPI.RequestBuilderImplementation.AddInterfaceHttpMethods(Type interfaceType, Dictionary`2 methods)
      at Observables.RestAPI.RequestBuilderImplementation..ctor(Type refitInterfaceType, RestApiSettings RestApiSettings)
      at Observables.RestAPI.RequestBuilderImplementation`1..ctor(RestApiSettings RestApiSettings)
      at Observables.RestAPI.RequestBuilderFactory.Create[T](RestApiSettings settings)
      at Observables.RestAPI.RequestBuilder.ForType[T](RestApiSettings settings)
      at Observables.RestAPI.RestService.For[T](HttpClient client, RestApiSettings settings)
      at Observables.RestAPI.RestService.For[T](HttpClient client)
      at Program.<Main>$(String[] args) in C:\Code\Skymly\Observables.Samples\Observables.Samples.RestAPI.Reactive\Program.cs:line 23
      at Program.<Main>(String[] args)

   at Nuke.Common.Tooling.ProcessExtensions.AssertZeroExitCode(IProcess process) in /_/source/Nuke.Tooling/ProcessExtensions.cs:line 38
   at Nuke.Common.Tooling.ToolTasks.<>c.<GetExitHandler>b__4_0(ToolOptions _, IProcess p) in /_/source/Nuke.Tooling/ToolTasks.ExitHandler.cs:line 27
   at Nuke.Common.Tooling.ToolTasks.<>c__DisplayClass8_0.<GetExitHandlerInternal>b__3(ToolOptions o, IProcess p) in /_/source/Nuke.Tooling/ToolTasks.ExitHandler.cs:line 22
   at Nuke.Common.Tooling.ToolTasks.Run[T](T options) in /_/source/Nuke.Tooling/ToolTasks.Run.cs:line 36
   at Nuke.Common.Tools.DotNet.DotNetTasks.DotNetRun(Configure`1 configurator) in /_/source/Nuke.Common/Tools/DotNet/DotNet.Generated.cs:line 41
   at Build.<get_Ci>b__7_1() in C:\Code\Skymly\Observables.Samples\build\Program.cs:line 45
   at Nuke.Common.Execution.BuildExecutor.<>c.<Execute>b__4_2(Action x) in /_/source/Nuke.Build/Execution/BuildExecutor.cs:line 120
   at System.Collections.Generic.List`1.ForEach(Action`1 action)
   at Nuke.Common.Execution.BuildExecutor.Execute(NukeBuild build, ExecutableTarget target, IReadOnlyCollection`1 previouslyExecutedTargets, Boolean failureMode) in /_/source/Nuke.Build/Execution/BuildExecutor.cs:line 120
V | Ci                   | EventInvoker.OnTargetFailed (-3.4028235E+38)
